<?xml version="1.0" encoding="UTF-8"?>
<testsuite xmlns:xsi="http://www.w3.org/2001/XMLSchema-instance" xsi:noNamespaceSchemaLocation="https://maven.apache.org/surefire/maven-surefire-plugin/xsd/surefire-test-report.xsd" name="com.miage.AppTest" time="0.058" tests="1" errors="0" skipped="0" failures="0">
  <properties>
    <property name="sun.desktop" value="gnome"/>
    <property name="awt.toolkit" value="sun.awt.X11.XToolkit"/>
    <property name="file.encoding.pkg" value="sun.io"/>
    <property name="java.specification.version" value="1.8"/>
    <property name="sun.cpu.isalist" value=""/>
    <property name="sun.jnu.encoding" value="UTF-8"/>
    <property name="java.class.path" value="/home/romain/Documents/Cours/Cours-Master-MIAGE/Master-1/Semestre-2/UE-Composants_logiciels_Entreprise/Programmation_avancee/TP/TP-OI-Prog_avancee-Jeu-M1-MIAGE/Main-TP-jeu/target/test-classes:/home/romain/Documents/Cours/Cours-Master-MIAGE/Master-1/Semestre-2/UE-Composants_logiciels_Entreprise/Programmation_avancee/TP/TP-OI-Prog_avancee-Jeu-M1-MIAGE/Main-TP-jeu/target/classes:/home/romain/.m2/repository/junit/junit/4.11/junit-4.11.jar:/home/romain/.m2/repository/org/hamcrest/hamcrest-core/1.3/hamcrest-core-1.3.jar:"/>
    <property name="java.vm.vendor" value="Oracle Corporation"/>
    <property name="sun.arch.data.model" value="64"/>
    <property name="java.vendor.url" value="http://java.oracle.com/"/>
    <property name="user.timezone" value=""/>
    <property name="java.vm.specification.version" value="1.8"/>
    <property name="os.name" value="Linux"/>
    <property name="user.country" value="FR"/>
    <property name="sun.java.launcher" value="SUN_STANDARD"/>
    <property name="sun.boot.library.path" value="/usr/lib/jvm/java-8-openjdk-amd64/jre/lib/amd64"/>
    <property name="sun.java.command" value="/home/romain/Documents/Cours/Cours-Master-MIAGE/Master-1/Semestre-2/UE-Composants_logiciels_Entreprise/Programmation_avancee/TP/TP-OI-Prog_avancee-Jeu-M1-MIAGE/Main-TP-jeu/target/surefire/surefirebooter3725930652089433933.jar /home/romain/Documents/Cours/Cours-Master-MIAGE/Master-1/Semestre-2/UE-Composants_logiciels_Entreprise/Programmation_avancee/TP/TP-OI-Prog_avancee-Jeu-M1-MIAGE/Main-TP-jeu/target/surefire 2019-04-18T22-50-47_306-jvmRun1 surefire4147769787791404776tmp surefire_02959745731884161493tmp"/>
    <property name="surefire.test.class.path" value="/home/romain/Documents/Cours/Cours-Master-MIAGE/Master-1/Semestre-2/UE-Composants_logiciels_Entreprise/Programmation_avancee/TP/TP-OI-Prog_avancee-Jeu-M1-MIAGE/Main-TP-jeu/target/test-classes:/home/romain/Documents/Cours/Cours-Master-MIAGE/Master-1/Semestre-2/UE-Composants_logiciels_Entreprise/Programmation_avancee/TP/TP-OI-Prog_avancee-Jeu-M1-MIAGE/Main-TP-jeu/target/classes:/home/romain/.m2/repository/junit/junit/4.11/junit-4.11.jar:/home/romain/.m2/repository/org/hamcrest/hamcrest-core/1.3/hamcrest-core-1.3.jar:"/>
    <property name="sun.cpu.endian" value="little"/>
    <property name="user.home" value="/home/romain"/>
    <property name="user.language" value="fr"/>
    <property name="java.specification.vendor" value="Oracle Corporation"/>
    <property name="java.home" value="/usr/lib/jvm/java-8-openjdk-amd64/jre"/>
    <property name="basedir" value="/home/romain/Documents/Cours/Cours-Master-MIAGE/Master-1/Semestre-2/UE-Composants_logiciels_Entreprise/Programmation_avancee/TP/TP-OI-Prog_avancee-Jeu-M1-MIAGE/Main-TP-jeu"/>
    <property name="file.separator" value="/"/>
    <property name="line.separator" value="&#10;"/>
    <property name="java.vm.specification.vendor" value="Oracle Corporation"/>
    <property name="java.specification.name" value="Java Platform API Specification"/>
    <property name="java.awt.graphicsenv" value="sun.awt.X11GraphicsEnvironment"/>
    <property name="surefire.real.class.path" value="/home/romain/Documents/Cours/Cours-Master-MIAGE/Master-1/Semestre-2/UE-Composants_logiciels_Entreprise/Programmation_avancee/TP/TP-OI-Prog_avancee-Jeu-M1-MIAGE/Main-TP-jeu/target/surefire/surefirebooter3725930652089433933.jar"/>
    <property name="sun.boot.class.path" value="/usr/lib/jvm/java-8-openjdk-amd64/jre/lib/resources.jar:/usr/lib/jvm/java-8-openjdk-amd64/jre/lib/rt.jar:/usr/lib/jvm/java-8-openjdk-amd64/jre/lib/sunrsasign.jar:/usr/lib/jvm/java-8-openjdk-amd64/jre/lib/jsse.jar:/usr/lib/jvm/java-8-openjdk-amd64/jre/lib/jce.jar:/usr/lib/jvm/java-8-openjdk-amd64/jre/lib/charsets.jar:/usr/lib/jvm/java-8-openjdk-amd64/jre/lib/jfr.jar:/usr/lib/jvm/java-8-openjdk-amd64/jre/classes"/>
    <property name="sun.management.compiler" value="HotSpot 64-Bit Tiered Compilers"/>
    <property name="java.runtime.version" value="1.8.0_212-8u212-b01-1~deb9u1-b01"/>
    <property name="user.name" value="romain"/>
    <property name="path.separator" value=":"/>
    <property name="os.version" value="4.9.0-3-amd64"/>
    <property name="java.endorsed.dirs" value="/usr/lib/jvm/java-8-openjdk-amd64/jre/lib/endorsed"/>
    <property name="java.runtime.name" value="OpenJDK Runtime Environment"/>
    <property name="file.encoding" value="UTF-8"/>
    <property name="java.vm.name" value="OpenJDK 64-Bit Server VM"/>
    <property name="localRepository" value="/home/romain/.m2/repository"/>
    <property name="java.vendor.url.bug" value="http://bugreport.sun.com/bugreport/"/>
    <property name="java.io.tmpdir" value="/tmp"/>
    <property name="java.version" value="1.8.0_212"/>
    <property name="user.dir" value="/home/romain/Documents/Cours/Cours-Master-MIAGE/Master-1/Semestre-2/UE-Composants_logiciels_Entreprise/Programmation_avancee/TP/TP-OI-Prog_avancee-Jeu-M1-MIAGE/Main-TP-jeu"/>
    <property name="os.arch" value="amd64"/>
    <property name="java.vm.specification.name" value="Java Virtual Machine Specification"/>
    <property name="java.awt.printerjob" value="sun.print.PSPrinterJob"/>
    <property name="sun.os.patch.level" value="unknown"/>
    <property name="java.library.path" value="/usr/java/packages/lib/amd64:/usr/lib/x86_64-linux-gnu/jni:/lib/x86_64-linux-gnu:/usr/lib/x86_64-linux-gnu:/usr/lib/jni:/lib:/usr/lib"/>
    <property name="java.vm.info" value="mixed mode"/>
    <property name="java.vendor" value="Oracle Corporation"/>
    <property name="java.vm.version" value="25.212-b01"/>
    <property name="java.ext.dirs" value="/usr/lib/jvm/java-8-openjdk-amd64/jre/lib/ext:/usr/java/packages/lib/ext"/>
    <property name="sun.io.unicode.encoding" value="UnicodeLittle"/>
    <property name="java.class.version" value="52.0"/>
  </properties>
  <testcase name="shouldAnswerWithTrue" classname="com.miage.AppTest" time="0.005"/>
</testsuite>